2020-11-26 12:44:18,942 INFO o.a.j.u.JMeterUtils: Setting Locale to en_EN
2020-11-26 12:44:18,973 INFO o.a.j.JMeter: Loading user properties from: /usr/local/Cellar/jmeter/5.3_1/libexec/bin/user.properties
2020-11-26 12:44:18,973 INFO o.a.j.JMeter: Loading system properties from: /usr/local/Cellar/jmeter/5.3_1/libexec/bin/system.properties
2020-11-26 12:44:18,975 INFO o.a.j.JMeter: Copyright (c) 1998-2020 The Apache Software Foundation
2020-11-26 12:44:18,975 INFO o.a.j.JMeter: Version 5.3
2020-11-26 12:44:18,975 INFO o.a.j.JMeter: java.version=15.0.1
2020-11-26 12:44:18,975 INFO o.a.j.JMeter: java.vm.name=OpenJDK 64-Bit Server VM
2020-11-26 12:44:18,975 INFO o.a.j.JMeter: os.name=Mac OS X
2020-11-26 12:44:18,975 INFO o.a.j.JMeter: os.arch=x86_64
2020-11-26 12:44:18,975 INFO o.a.j.JMeter: os.version=10.15.7
2020-11-26 12:44:18,975 INFO o.a.j.JMeter: file.encoding=UTF-8
2020-11-26 12:44:18,975 INFO o.a.j.JMeter: java.awt.headless=null
2020-11-26 12:44:18,975 INFO o.a.j.JMeter: Max memory     =1073741824
2020-11-26 12:44:18,975 INFO o.a.j.JMeter: Available Processors =8
2020-11-26 12:44:18,983 INFO o.a.j.JMeter: Default Locale=English (EN)
2020-11-26 12:44:18,983 INFO o.a.j.JMeter: JMeter  Locale=English (EN)
2020-11-26 12:44:18,983 INFO o.a.j.JMeter: JMeterHome=/usr/local/Cellar/jmeter/5.3_1/libexec
2020-11-26 12:44:18,983 INFO o.a.j.JMeter: user.dir  =/Users/mccalv/Documents/workspace/covid-19
2020-11-26 12:44:18,984 INFO o.a.j.JMeter: PWD       =/Users/mccalv/Documents/workspace/covid-19
2020-11-26 12:44:18,988 INFO o.a.j.JMeter: IP: 192.168.1.95 Name: MBP-di-mirko.lan FullName: mbp-di-mirko.lan
2020-11-26 12:44:19,513 INFO o.a.j.JMeter: Setting LAF to: com.github.weisj.darklaf.DarkLaf:com.github.weisj.darklaf.theme.DarculaTheme
2020-11-26 12:44:21,013 INFO o.a.j.JMeter: Loaded icon properties from org/apache/jmeter/images/icon.properties
2020-11-26 12:44:21,937 INFO o.j.r.JARSourceHTTP: Requesting https://jmeter-plugins.org/repo/?installID=mac_os_x-c29a33af3ebcc31033d14b85ccd9906b-gui
2020-11-26 12:44:23,504 INFO o.j.r.PluginManager: Plugins Status: [jpgc-plugins-manager=1.4, jmeter-core=5.3, jmeter-ftp=5.3, jmeter-http=5.3, jmeter-jdbc=5.3, jmeter-jms=5.3, jmeter-junit=5.3, jmeter-java=5.3, jmeter-ldap=5.3, jmeter-mail=5.3, jmeter-mongodb=5.3, jmeter-native=5.3, jmeter-tcp=5.3, jmeter-components=5.3]
2020-11-26 12:44:23,505 INFO o.j.r.PluginManagerMenuItem: Plugins Manager has upgrades: [jpgc-plugins-manager]
2020-11-26 14:50:51,735 INFO o.a.j.s.FileServer: Default base='/Users/mccalv/Documents/workspace/covid-19'
2020-11-26 14:50:51,742 INFO o.a.j.g.a.Load: Loading file: /Users/mccalv/Downloads/Tests.jmx
2020-11-26 14:50:51,743 INFO o.a.j.s.FileServer: Set new base='/Users/mccalv/Downloads'
2020-11-26 14:50:51,914 INFO o.a.j.s.SaveService: Testplan (JMX) version: 2.2. Testlog (JTL) version: 2.2
2020-11-26 14:50:51,928 INFO o.a.j.s.SaveService: Using SaveService properties version 5.0
2020-11-26 14:50:51,930 INFO o.a.j.s.SaveService: Using SaveService properties file encoding UTF-8
2020-11-26 14:50:51,932 INFO o.a.j.s.SaveService: Loading file: /Users/mccalv/Downloads/Tests.jmx
2020-11-26 14:50:52,084 INFO o.a.j.p.h.s.HTTPSamplerBase: Parser for text/html is org.apache.jmeter.protocol.http.parser.LagartoBasedHtmlParser
2020-11-26 14:50:52,084 INFO o.a.j.p.h.s.HTTPSamplerBase: Parser for application/xhtml+xml is org.apache.jmeter.protocol.http.parser.LagartoBasedHtmlParser
2020-11-26 14:50:52,084 INFO o.a.j.p.h.s.HTTPSamplerBase: Parser for application/xml is org.apache.jmeter.protocol.http.parser.LagartoBasedHtmlParser
2020-11-26 14:50:52,084 INFO o.a.j.p.h.s.HTTPSamplerBase: Parser for text/xml is org.apache.jmeter.protocol.http.parser.LagartoBasedHtmlParser
2020-11-26 14:50:52,084 INFO o.a.j.p.h.s.HTTPSamplerBase: Parser for text/vnd.wap.wml is org.apache.jmeter.protocol.http.parser.RegexpHTMLParser
2020-11-26 14:50:52,084 INFO o.a.j.p.h.s.HTTPSamplerBase: Parser for text/css is org.apache.jmeter.protocol.http.parser.CssParser
2020-11-26 14:50:52,319 INFO o.a.j.s.FileServer: Set new base='/Users/mccalv/Downloads'
2020-11-26 14:51:42,209 INFO o.a.j.u.JsseSSLManager: Using default SSL protocol: TLS
2020-11-26 14:51:42,209 INFO o.a.j.u.JsseSSLManager: SSL session context: per-thread
2020-11-26 14:55:00,062 INFO o.a.j.e.StandardJMeterEngine: Running the test!
2020-11-26 14:55:00,063 INFO o.a.j.s.SampleEvent: List of sample_variables: []
2020-11-26 14:55:00,063 INFO o.a.j.s.SampleEvent: List of sample_variables: []
2020-11-26 14:55:00,066 INFO o.a.j.e.u.CompoundVariable: Note: Function class names must contain the string: '.functions.'
2020-11-26 14:55:00,066 INFO o.a.j.e.u.CompoundVariable: Note: Function class names must not contain the string: '.gui.'
2020-11-26 14:55:00,138 INFO o.a.j.g.u.JMeterMenuBar: setRunning(true, *local*)
2020-11-26 14:55:00,198 INFO o.a.j.e.StandardJMeterEngine: Starting ThreadGroup: 1 : Thread Group HB Award Period API
2020-11-26 14:55:00,199 INFO o.a.j.e.StandardJMeterEngine: Starting 1 threads for group Thread Group HB Award Period API.
2020-11-26 14:55:00,199 INFO o.a.j.e.StandardJMeterEngine: Thread will continue on error
2020-11-26 14:55:00,199 INFO o.a.j.t.ThreadGroup: Starting thread group... number=1 threads=1 ramp-up=1 delayedStart=false
2020-11-26 14:55:00,204 INFO o.a.j.t.ThreadGroup: Started thread group number 1
2020-11-26 14:55:00,204 INFO o.a.j.e.StandardJMeterEngine: Starting ThreadGroup: 2 : Thread Group HB Winning Transactions API
2020-11-26 14:55:00,204 INFO o.a.j.e.StandardJMeterEngine: Starting 1 threads for group Thread Group HB Winning Transactions API.
2020-11-26 14:55:00,204 INFO o.a.j.e.StandardJMeterEngine: Thread will continue on error
2020-11-26 14:55:00,204 INFO o.a.j.t.ThreadGroup: Starting thread group... number=2 threads=1 ramp-up=1 delayedStart=false
2020-11-26 14:55:00,205 INFO o.a.j.t.ThreadGroup: Started thread group number 2
2020-11-26 14:55:00,205 INFO o.a.j.t.JMeterThread: Thread started: Thread Group HB Award Period API 1-1
2020-11-26 14:55:00,205 INFO o.a.j.e.StandardJMeterEngine: Starting ThreadGroup: 3 : Thread Group HB Citizen API
2020-11-26 14:55:00,205 INFO o.a.j.e.StandardJMeterEngine: Starting 1 threads for group Thread Group HB Citizen API.
2020-11-26 14:55:00,205 INFO o.a.j.t.JMeterThread: Thread started: Thread Group HB Winning Transactions API 2-1
2020-11-26 14:55:00,205 INFO o.a.j.e.StandardJMeterEngine: Thread will continue on error
2020-11-26 14:55:00,205 INFO o.a.j.t.ThreadGroup: Starting thread group... number=3 threads=1 ramp-up=1 delayedStart=false
2020-11-26 14:55:00,206 INFO o.a.j.t.ThreadGroup: Started thread group number 3
2020-11-26 14:55:00,206 INFO o.a.j.e.StandardJMeterEngine: Starting ThreadGroup: 4 : Thread Group HB Payment Instruments API
2020-11-26 14:55:00,206 INFO o.a.j.e.StandardJMeterEngine: Starting 1 threads for group Thread Group HB Payment Instruments API.
2020-11-26 14:55:00,206 INFO o.a.j.e.StandardJMeterEngine: Thread will continue on error
2020-11-26 14:55:00,207 INFO o.a.j.t.ThreadGroup: Starting thread group... number=4 threads=1 ramp-up=1 delayedStart=false
2020-11-26 14:55:00,207 INFO o.a.j.t.JMeterThread: Thread started: Thread Group HB Citizen API 3-1
2020-11-26 14:55:00,207 INFO o.a.j.t.ThreadGroup: Started thread group number 4
2020-11-26 14:55:00,207 INFO o.a.j.e.StandardJMeterEngine: All thread groups have been started
2020-11-26 14:55:00,208 INFO o.a.j.t.JMeterThread: Thread started: Thread Group HB Payment Instruments API 4-1
2020-11-26 14:55:00,220 INFO o.a.j.p.h.s.HTTPHCAbstractImpl: Local host = MBP-di-mirko.lan
2020-11-26 14:55:00,229 INFO o.a.j.p.h.s.HTTPHC4Impl: HTTP request retry count = 0
2020-11-26 14:55:00,231 INFO o.a.j.s.SampleResult: Note: Sample TimeStamps are START times
2020-11-26 14:55:00,231 INFO o.a.j.s.SampleResult: sampleresult.default.encoding is set to ISO-8859-1
2020-11-26 14:55:00,231 INFO o.a.j.s.SampleResult: sampleresult.useNanoTime=true
2020-11-26 14:55:00,231 INFO o.a.j.s.SampleResult: sampleresult.nanoThreadSleep=5000
2020-11-26 14:55:00,377 INFO o.a.j.p.h.s.h.LazyLayeredConnectionSocketFactory: Setting up HTTPS TrustAll Socket Factory
2020-11-26 14:55:00,425 INFO o.a.j.u.SSLManager: JmeterKeyStore Location: /Users/mccalv/Downloads/mirko.p12 type pkcs12
2020-11-26 14:55:00,426 INFO o.a.j.u.SSLManager: KeyStore created OK
2020-11-26 14:55:08,636 INFO o.a.j.u.SSLManager: Total of 1 aliases loaded OK from keystore
2020-11-26 14:55:08,827 INFO o.a.j.t.JMeterThread: Thread is done: Thread Group HB Winning Transactions API 2-1
2020-11-26 14:55:08,828 INFO o.a.j.t.JMeterThread: Thread finished: Thread Group HB Winning Transactions API 2-1
2020-11-26 14:55:08,949 INFO o.a.j.t.JMeterThread: Thread is done: Thread Group HB Award Period API 1-1
2020-11-26 14:55:08,949 INFO o.a.j.t.JMeterThread: Thread finished: Thread Group HB Award Period API 1-1
2020-11-26 14:55:08,950 INFO o.a.j.t.JMeterThread: Thread is done: Thread Group HB Payment Instruments API 4-1
2020-11-26 14:55:08,951 INFO o.a.j.t.JMeterThread: Thread finished: Thread Group HB Payment Instruments API 4-1
2020-11-26 14:55:09,099 INFO o.a.j.t.JMeterThread: Thread is done: Thread Group HB Citizen API 3-1
2020-11-26 14:55:09,099 INFO o.a.j.t.JMeterThread: Thread finished: Thread Group HB Citizen API 3-1
2020-11-26 14:55:09,099 INFO o.a.j.e.StandardJMeterEngine: Notifying test listeners of end of test
2020-11-26 14:55:09,100 INFO o.a.j.g.u.JMeterMenuBar: setRunning(false, *local*)
2020-11-26 14:56:48,833 INFO o.a.j.e.StandardJMeterEngine: Running the test!
2020-11-26 14:56:48,835 INFO o.a.j.s.SampleEvent: List of sample_variables: []
2020-11-26 14:56:48,837 INFO o.a.j.g.u.JMeterMenuBar: setRunning(true, *local*)
2020-11-26 14:56:49,032 INFO o.a.j.e.StandardJMeterEngine: Starting ThreadGroup: 1 : Thread Group HB Award Period API
2020-11-26 14:56:49,032 INFO o.a.j.e.StandardJMeterEngine: Starting 1 threads for group Thread Group HB Award Period API.
2020-11-26 14:56:49,032 INFO o.a.j.e.StandardJMeterEngine: Thread will continue on error
2020-11-26 14:56:49,033 INFO o.a.j.t.ThreadGroup: Starting thread group... number=1 threads=1 ramp-up=1 delayedStart=false
2020-11-26 14:56:49,033 INFO o.a.j.t.ThreadGroup: Started thread group number 1
2020-11-26 14:56:49,033 INFO o.a.j.e.StandardJMeterEngine: Starting ThreadGroup: 2 : Thread Group HB Winning Transactions API
2020-11-26 14:56:49,033 INFO o.a.j.e.StandardJMeterEngine: Starting 1 threads for group Thread Group HB Winning Transactions API.
2020-11-26 14:56:49,033 INFO o.a.j.t.JMeterThread: Thread started: Thread Group HB Award Period API 1-1
2020-11-26 14:56:49,034 INFO o.a.j.e.StandardJMeterEngine: Thread will continue on error
2020-11-26 14:56:49,034 INFO o.a.j.t.ThreadGroup: Starting thread group... number=2 threads=1 ramp-up=1 delayedStart=false
2020-11-26 14:56:49,034 INFO o.a.j.t.ThreadGroup: Started thread group number 2
2020-11-26 14:56:49,034 INFO o.a.j.e.StandardJMeterEngine: Starting ThreadGroup: 3 : Thread Group HB Citizen API
2020-11-26 14:56:49,034 INFO o.a.j.t.JMeterThread: Thread started: Thread Group HB Winning Transactions API 2-1
2020-11-26 14:56:49,034 INFO o.a.j.e.StandardJMeterEngine: Starting 1 threads for group Thread Group HB Citizen API.
2020-11-26 14:56:49,035 INFO o.a.j.e.StandardJMeterEngine: Thread will continue on error
2020-11-26 14:56:49,035 INFO o.a.j.t.ThreadGroup: Starting thread group... number=3 threads=1 ramp-up=1 delayedStart=false
2020-11-26 14:56:49,035 INFO o.a.j.t.ThreadGroup: Started thread group number 3
2020-11-26 14:56:49,036 INFO o.a.j.e.StandardJMeterEngine: Starting ThreadGroup: 4 : Thread Group HB Payment Instruments API
2020-11-26 14:56:49,036 INFO o.a.j.t.JMeterThread: Thread started: Thread Group HB Citizen API 3-1
2020-11-26 14:56:49,036 INFO o.a.j.e.StandardJMeterEngine: Starting 1 threads for group Thread Group HB Payment Instruments API.
2020-11-26 14:56:49,036 INFO o.a.j.e.StandardJMeterEngine: Thread will continue on error
2020-11-26 14:56:49,036 INFO o.a.j.t.ThreadGroup: Starting thread group... number=4 threads=1 ramp-up=1 delayedStart=false
2020-11-26 14:56:49,037 INFO o.a.j.t.ThreadGroup: Started thread group number 4
2020-11-26 14:56:49,037 INFO o.a.j.e.StandardJMeterEngine: All thread groups have been started
2020-11-26 14:56:49,037 INFO o.a.j.t.JMeterThread: Thread started: Thread Group HB Payment Instruments API 4-1
2020-11-26 14:56:49,255 INFO o.a.j.t.JMeterThread: Thread is done: Thread Group HB Winning Transactions API 2-1
2020-11-26 14:56:49,255 INFO o.a.j.t.JMeterThread: Thread finished: Thread Group HB Winning Transactions API 2-1
2020-11-26 14:56:49,335 INFO o.a.j.t.JMeterThread: Thread is done: Thread Group HB Award Period API 1-1
2020-11-26 14:56:49,336 INFO o.a.j.t.JMeterThread: Thread finished: Thread Group HB Award Period API 1-1
2020-11-26 14:56:49,349 INFO o.a.j.t.JMeterThread: Thread is done: Thread Group HB Payment Instruments API 4-1
2020-11-26 14:56:49,350 INFO o.a.j.t.JMeterThread: Thread finished: Thread Group HB Payment Instruments API 4-1
2020-11-26 14:56:49,502 INFO o.a.j.t.JMeterThread: Thread is done: Thread Group HB Citizen API 3-1
2020-11-26 14:56:49,503 INFO o.a.j.t.JMeterThread: Thread finished: Thread Group HB Citizen API 3-1
2020-11-26 14:56:49,503 INFO o.a.j.e.StandardJMeterEngine: Notifying test listeners of end of test
2020-11-26 14:56:49,506 INFO o.a.j.g.u.JMeterMenuBar: setRunning(false, *local*)
2020-11-26 14:57:05,393 INFO o.a.j.e.StandardJMeterEngine: Running the test!
2020-11-26 14:57:05,394 INFO o.a.j.s.SampleEvent: List of sample_variables: []
2020-11-26 14:57:05,395 INFO o.a.j.g.u.JMeterMenuBar: setRunning(true, *local*)
2020-11-26 14:57:05,432 INFO o.a.j.e.StandardJMeterEngine: Starting ThreadGroup: 1 : Thread Group HB Award Period API
2020-11-26 14:57:05,432 INFO o.a.j.e.StandardJMeterEngine: Starting 1 threads for group Thread Group HB Award Period API.
2020-11-26 14:57:05,432 INFO o.a.j.e.StandardJMeterEngine: Thread will continue on error
2020-11-26 14:57:05,432 INFO o.a.j.t.ThreadGroup: Starting thread group... number=1 threads=1 ramp-up=1 delayedStart=false
2020-11-26 14:57:05,432 INFO o.a.j.t.ThreadGroup: Started thread group number 1
2020-11-26 14:57:05,433 INFO o.a.j.e.StandardJMeterEngine: Starting ThreadGroup: 2 : Thread Group HB Winning Transactions API
2020-11-26 14:57:05,433 INFO o.a.j.e.StandardJMeterEngine: Starting 1 threads for group Thread Group HB Winning Transactions API.
2020-11-26 14:57:05,433 INFO o.a.j.e.StandardJMeterEngine: Thread will continue on error
2020-11-26 14:57:05,433 INFO o.a.j.t.ThreadGroup: Starting thread group... number=2 threads=1 ramp-up=1 delayedStart=false
2020-11-26 14:57:05,433 INFO o.a.j.t.ThreadGroup: Started thread group number 2
2020-11-26 14:57:05,433 INFO o.a.j.e.StandardJMeterEngine: Starting ThreadGroup: 3 : Thread Group HB Citizen API
2020-11-26 14:57:05,434 INFO o.a.j.e.StandardJMeterEngine: Starting 1 threads for group Thread Group HB Citizen API.
2020-11-26 14:57:05,434 INFO o.a.j.e.StandardJMeterEngine: Thread will continue on error
2020-11-26 14:57:05,433 INFO o.a.j.t.JMeterThread: Thread started: Thread Group HB Winning Transactions API 2-1
2020-11-26 14:57:05,434 INFO o.a.j.t.ThreadGroup: Starting thread group... number=3 threads=1 ramp-up=1 delayedStart=false
2020-11-26 14:57:05,434 INFO o.a.j.t.JMeterThread: Thread started: Thread Group HB Award Period API 1-1
2020-11-26 14:57:05,434 INFO o.a.j.t.ThreadGroup: Started thread group number 3
2020-11-26 14:57:05,435 INFO o.a.j.e.StandardJMeterEngine: Starting ThreadGroup: 4 : Thread Group HB Payment Instruments API
2020-11-26 14:57:05,435 INFO o.a.j.e.StandardJMeterEngine: Starting 1 threads for group Thread Group HB Payment Instruments API.
2020-11-26 14:57:05,435 INFO o.a.j.e.StandardJMeterEngine: Thread will continue on error
2020-11-26 14:57:05,435 INFO o.a.j.t.JMeterThread: Thread started: Thread Group HB Citizen API 3-1
2020-11-26 14:57:05,435 INFO o.a.j.t.ThreadGroup: Starting thread group... number=4 threads=1 ramp-up=1 delayedStart=false
2020-11-26 14:57:05,436 INFO o.a.j.t.ThreadGroup: Started thread group number 4
2020-11-26 14:57:05,436 INFO o.a.j.e.StandardJMeterEngine: All thread groups have been started
2020-11-26 14:57:05,436 INFO o.a.j.t.JMeterThread: Thread started: Thread Group HB Payment Instruments API 4-1
2020-11-26 14:57:05,664 INFO o.a.j.t.JMeterThread: Thread is done: Thread Group HB Winning Transactions API 2-1
2020-11-26 14:57:05,664 INFO o.a.j.t.JMeterThread: Thread finished: Thread Group HB Winning Transactions API 2-1
2020-11-26 14:57:05,764 INFO o.a.j.t.JMeterThread: Thread is done: Thread Group HB Payment Instruments API 4-1
2020-11-26 14:57:05,764 INFO o.a.j.t.JMeterThread: Thread finished: Thread Group HB Payment Instruments API 4-1
2020-11-26 14:57:05,780 INFO o.a.j.t.JMeterThread: Thread is done: Thread Group HB Award Period API 1-1
2020-11-26 14:57:05,780 INFO o.a.j.t.JMeterThread: Thread finished: Thread Group HB Award Period API 1-1
2020-11-26 14:57:05,908 INFO o.a.j.t.JMeterThread: Thread is done: Thread Group HB Citizen API 3-1
2020-11-26 14:57:05,909 INFO o.a.j.t.JMeterThread: Thread finished: Thread Group HB Citizen API 3-1
2020-11-26 14:57:05,909 INFO o.a.j.e.StandardJMeterEngine: Notifying test listeners of end of test
2020-11-26 14:57:05,909 INFO o.a.j.g.u.JMeterMenuBar: setRunning(false, *local*)
2020-11-26 14:57:08,803 INFO o.a.j.e.StandardJMeterEngine: Running the test!
2020-11-26 14:57:08,804 INFO o.a.j.s.SampleEvent: List of sample_variables: []
2020-11-26 14:57:08,805 INFO o.a.j.g.u.JMeterMenuBar: setRunning(true, *local*)
2020-11-26 14:57:08,840 INFO o.a.j.e.StandardJMeterEngine: Starting ThreadGroup: 1 : Thread Group HB Award Period API
2020-11-26 14:57:08,841 INFO o.a.j.e.StandardJMeterEngine: Starting 1 threads for group Thread Group HB Award Period API.
2020-11-26 14:57:08,841 INFO o.a.j.e.StandardJMeterEngine: Thread will continue on error
2020-11-26 14:57:08,841 INFO o.a.j.t.ThreadGroup: Starting thread group... number=1 threads=1 ramp-up=1 delayedStart=false
2020-11-26 14:57:08,841 INFO o.a.j.t.ThreadGroup: Started thread group number 1
2020-11-26 14:57:08,841 INFO o.a.j.e.StandardJMeterEngine: Starting ThreadGroup: 2 : Thread Group HB Winning Transactions API
2020-11-26 14:57:08,841 INFO o.a.j.e.StandardJMeterEngine: Starting 1 threads for group Thread Group HB Winning Transactions API.
2020-11-26 14:57:08,841 INFO o.a.j.e.StandardJMeterEngine: Thread will continue on error
2020-11-26 14:57:08,842 INFO o.a.j.t.ThreadGroup: Starting thread group... number=2 threads=1 ramp-up=1 delayedStart=false
2020-11-26 14:57:08,841 INFO o.a.j.t.JMeterThread: Thread started: Thread Group HB Award Period API 1-1
2020-11-26 14:57:08,842 INFO o.a.j.t.ThreadGroup: Started thread group number 2
2020-11-26 14:57:08,842 INFO o.a.j.e.StandardJMeterEngine: Starting ThreadGroup: 3 : Thread Group HB Citizen API
2020-11-26 14:57:08,842 INFO o.a.j.e.StandardJMeterEngine: Starting 1 threads for group Thread Group HB Citizen API.
2020-11-26 14:57:08,842 INFO o.a.j.t.JMeterThread: Thread started: Thread Group HB Winning Transactions API 2-1
2020-11-26 14:57:08,843 INFO o.a.j.e.StandardJMeterEngine: Thread will continue on error
2020-11-26 14:57:08,843 INFO o.a.j.t.ThreadGroup: Starting thread group... number=3 threads=1 ramp-up=1 delayedStart=false
2020-11-26 14:57:08,843 INFO o.a.j.t.ThreadGroup: Started thread group number 3
2020-11-26 14:57:08,844 INFO o.a.j.e.StandardJMeterEngine: Starting ThreadGroup: 4 : Thread Group HB Payment Instruments API
2020-11-26 14:57:08,844 INFO o.a.j.e.StandardJMeterEngine: Starting 1 threads for group Thread Group HB Payment Instruments API.
2020-11-26 14:57:08,844 INFO o.a.j.e.StandardJMeterEngine: Thread will continue on error
2020-11-26 14:57:08,844 INFO o.a.j.t.JMeterThread: Thread started: Thread Group HB Citizen API 3-1
2020-11-26 14:57:08,844 INFO o.a.j.t.ThreadGroup: Starting thread group... number=4 threads=1 ramp-up=1 delayedStart=false
2020-11-26 14:57:08,845 INFO o.a.j.t.ThreadGroup: Started thread group number 4
2020-11-26 14:57:08,845 INFO o.a.j.e.StandardJMeterEngine: All thread groups have been started
2020-11-26 14:57:08,845 INFO o.a.j.t.JMeterThread: Thread started: Thread Group HB Payment Instruments API 4-1
2020-11-26 14:57:09,058 INFO o.a.j.t.JMeterThread: Thread is done: Thread Group HB Winning Transactions API 2-1
2020-11-26 14:57:09,058 INFO o.a.j.t.JMeterThread: Thread finished: Thread Group HB Winning Transactions API 2-1
2020-11-26 14:57:09,151 INFO o.a.j.t.JMeterThread: Thread is done: Thread Group HB Payment Instruments API 4-1
2020-11-26 14:57:09,151 INFO o.a.j.t.JMeterThread: Thread finished: Thread Group HB Payment Instruments API 4-1
2020-11-26 14:57:09,169 INFO o.a.j.t.JMeterThread: Thread is done: Thread Group HB Award Period API 1-1
2020-11-26 14:57:09,170 INFO o.a.j.t.JMeterThread: Thread finished: Thread Group HB Award Period API 1-1
2020-11-26 14:57:09,298 INFO o.a.j.t.JMeterThread: Thread is done: Thread Group HB Citizen API 3-1
2020-11-26 14:57:09,299 INFO o.a.j.t.JMeterThread: Thread finished: Thread Group HB Citizen API 3-1
2020-11-26 14:57:09,299 INFO o.a.j.e.StandardJMeterEngine: Notifying test listeners of end of test
2020-11-26 14:57:09,300 INFO o.a.j.g.u.JMeterMenuBar: setRunning(false, *local*)
2020-11-26 14:57:21,171 INFO o.a.j.e.StandardJMeterEngine: Running the test!
2020-11-26 14:57:21,171 INFO o.a.j.s.SampleEvent: List of sample_variables: []
2020-11-26 14:57:21,172 INFO o.a.j.g.u.JMeterMenuBar: setRunning(true, *local*)
2020-11-26 14:57:21,207 INFO o.a.j.e.StandardJMeterEngine: Starting ThreadGroup: 1 : Thread Group HB Award Period API
2020-11-26 14:57:21,208 INFO o.a.j.e.StandardJMeterEngine: Starting 1 threads for group Thread Group HB Award Period API.
2020-11-26 14:57:21,208 INFO o.a.j.e.StandardJMeterEngine: Thread will continue on error
2020-11-26 14:57:21,208 INFO o.a.j.t.ThreadGroup: Starting thread group... number=1 threads=1 ramp-up=1 delayedStart=false
2020-11-26 14:57:21,208 INFO o.a.j.t.ThreadGroup: Started thread group number 1
2020-11-26 14:57:21,209 INFO o.a.j.e.StandardJMeterEngine: Starting ThreadGroup: 2 : Thread Group HB Winning Transactions API
2020-11-26 14:57:21,209 INFO o.a.j.t.JMeterThread: Thread started: Thread Group HB Award Period API 1-1
2020-11-26 14:57:21,209 INFO o.a.j.e.StandardJMeterEngine: Starting 1 threads for group Thread Group HB Winning Transactions API.
2020-11-26 14:57:21,209 INFO o.a.j.e.StandardJMeterEngine: Thread will continue on error
2020-11-26 14:57:21,209 INFO o.a.j.t.ThreadGroup: Starting thread group... number=2 threads=1 ramp-up=1 delayedStart=false
2020-11-26 14:57:21,210 INFO o.a.j.t.ThreadGroup: Started thread group number 2
2020-11-26 14:57:21,210 INFO o.a.j.e.StandardJMeterEngine: Starting ThreadGroup: 3 : Thread Group HB Citizen API
2020-11-26 14:57:21,210 INFO o.a.j.e.StandardJMeterEngine: Starting 1 threads for group Thread Group HB Citizen API.
2020-11-26 14:57:21,210 INFO o.a.j.e.StandardJMeterEngine: Thread will continue on error
2020-11-26 14:57:21,210 INFO o.a.j.t.JMeterThread: Thread started: Thread Group HB Winning Transactions API 2-1
2020-11-26 14:57:21,210 INFO o.a.j.t.ThreadGroup: Starting thread group... number=3 threads=1 ramp-up=1 delayedStart=false
2020-11-26 14:57:21,211 INFO o.a.j.t.ThreadGroup: Started thread group number 3
2020-11-26 14:57:21,211 INFO o.a.j.e.StandardJMeterEngine: Starting ThreadGroup: 4 : Thread Group HB Payment Instruments API
2020-11-26 14:57:21,211 INFO o.a.j.e.StandardJMeterEngine: Starting 1 threads for group Thread Group HB Payment Instruments API.
2020-11-26 14:57:21,211 INFO o.a.j.t.JMeterThread: Thread started: Thread Group HB Citizen API 3-1
2020-11-26 14:57:21,211 INFO o.a.j.e.StandardJMeterEngine: Thread will continue on error
2020-11-26 14:57:21,211 INFO o.a.j.t.ThreadGroup: Starting thread group... number=4 threads=1 ramp-up=1 delayedStart=false
2020-11-26 14:57:21,212 INFO o.a.j.t.ThreadGroup: Started thread group number 4
2020-11-26 14:57:21,212 INFO o.a.j.e.StandardJMeterEngine: All thread groups have been started
2020-11-26 14:57:21,212 INFO o.a.j.t.JMeterThread: Thread started: Thread Group HB Payment Instruments API 4-1
2020-11-26 14:57:21,427 INFO o.a.j.t.JMeterThread: Thread is done: Thread Group HB Winning Transactions API 2-1
2020-11-26 14:57:21,428 INFO o.a.j.t.JMeterThread: Thread finished: Thread Group HB Winning Transactions API 2-1
2020-11-26 14:57:21,521 INFO o.a.j.t.JMeterThread: Thread is done: Thread Group HB Award Period API 1-1
2020-11-26 14:57:21,522 INFO o.a.j.t.JMeterThread: Thread finished: Thread Group HB Award Period API 1-1
2020-11-26 14:57:21,522 INFO o.a.j.t.JMeterThread: Thread is done: Thread Group HB Payment Instruments API 4-1
2020-11-26 14:57:21,522 INFO o.a.j.t.JMeterThread: Thread finished: Thread Group HB Payment Instruments API 4-1
2020-11-26 14:57:21,663 INFO o.a.j.t.JMeterThread: Thread is done: Thread Group HB Citizen API 3-1
2020-11-26 14:57:21,663 INFO o.a.j.t.JMeterThread: Thread finished: Thread Group HB Citizen API 3-1
2020-11-26 14:57:21,664 INFO o.a.j.e.StandardJMeterEngine: Notifying test listeners of end of test
2020-11-26 14:57:21,664 INFO o.a.j.g.u.JMeterMenuBar: setRunning(false, *local*)
2020-11-26 14:57:30,589 INFO o.a.j.e.StandardJMeterEngine: Running the test!
2020-11-26 14:57:30,589 INFO o.a.j.s.SampleEvent: List of sample_variables: []
2020-11-26 14:57:30,590 INFO o.a.j.g.u.JMeterMenuBar: setRunning(true, *local*)
2020-11-26 14:57:30,624 INFO o.a.j.e.StandardJMeterEngine: Starting ThreadGroup: 1 : Thread Group HB Award Period API
2020-11-26 14:57:30,624 INFO o.a.j.e.StandardJMeterEngine: Starting 1 threads for group Thread Group HB Award Period API.
2020-11-26 14:57:30,624 INFO o.a.j.e.StandardJMeterEngine: Thread will continue on error
2020-11-26 14:57:30,624 INFO o.a.j.t.ThreadGroup: Starting thread group... number=1 threads=1 ramp-up=1 delayedStart=false
2020-11-26 14:57:30,625 INFO o.a.j.t.ThreadGroup: Started thread group number 1
2020-11-26 14:57:30,625 INFO o.a.j.e.StandardJMeterEngine: Starting ThreadGroup: 2 : Thread Group HB Winning Transactions API
2020-11-26 14:57:30,625 INFO o.a.j.e.StandardJMeterEngine: Starting 1 threads for group Thread Group HB Winning Transactions API.
2020-11-26 14:57:30,625 INFO o.a.j.e.StandardJMeterEngine: Thread will continue on error
2020-11-26 14:57:30,625 INFO o.a.j.t.JMeterThread: Thread started: Thread Group HB Award Period API 1-1
2020-11-26 14:57:30,625 INFO o.a.j.t.ThreadGroup: Starting thread group... number=2 threads=1 ramp-up=1 delayedStart=false
2020-11-26 14:57:30,626 INFO o.a.j.t.ThreadGroup: Started thread group number 2
2020-11-26 14:57:30,626 INFO o.a.j.e.StandardJMeterEngine: Starting ThreadGroup: 3 : Thread Group HB Citizen API
2020-11-26 14:57:30,626 INFO o.a.j.e.StandardJMeterEngine: Starting 1 threads for group Thread Group HB Citizen API.
2020-11-26 14:57:30,626 INFO o.a.j.t.JMeterThread: Thread started: Thread Group HB Winning Transactions API 2-1
2020-11-26 14:57:30,626 INFO o.a.j.e.StandardJMeterEngine: Thread will continue on error
2020-11-26 14:57:30,626 INFO o.a.j.t.ThreadGroup: Starting thread group... number=3 threads=1 ramp-up=1 delayedStart=false
2020-11-26 14:57:30,627 INFO o.a.j.t.ThreadGroup: Started thread group number 3
2020-11-26 14:57:30,627 INFO o.a.j.e.StandardJMeterEngine: Starting ThreadGroup: 4 : Thread Group HB Payment Instruments API
2020-11-26 14:57:30,627 INFO o.a.j.e.StandardJMeterEngine: Starting 1 threads for group Thread Group HB Payment Instruments API.
2020-11-26 14:57:30,627 INFO o.a.j.t.JMeterThread: Thread started: Thread Group HB Citizen API 3-1
2020-11-26 14:57:30,627 INFO o.a.j.e.StandardJMeterEngine: Thread will continue on error
2020-11-26 14:57:30,628 INFO o.a.j.t.ThreadGroup: Starting thread group... number=4 threads=1 ramp-up=1 delayedStart=false
2020-11-26 14:57:30,628 INFO o.a.j.t.ThreadGroup: Started thread group number 4
2020-11-26 14:57:30,628 INFO o.a.j.e.StandardJMeterEngine: All thread groups have been started
2020-11-26 14:57:30,628 INFO o.a.j.t.JMeterThread: Thread started: Thread Group HB Payment Instruments API 4-1
2020-11-26 14:57:30,852 INFO o.a.j.t.JMeterThread: Thread is done: Thread Group HB Winning Transactions API 2-1
2020-11-26 14:57:30,852 INFO o.a.j.t.JMeterThread: Thread finished: Thread Group HB Winning Transactions API 2-1
2020-11-26 14:57:30,945 INFO o.a.j.t.JMeterThread: Thread is done: Thread Group HB Award Period API 1-1
2020-11-26 14:57:30,945 INFO o.a.j.t.JMeterThread: Thread finished: Thread Group HB Award Period API 1-1
2020-11-26 14:57:30,952 INFO o.a.j.t.JMeterThread: Thread is done: Thread Group HB Payment Instruments API 4-1
2020-11-26 14:57:30,952 INFO o.a.j.t.JMeterThread: Thread finished: Thread Group HB Payment Instruments API 4-1
2020-11-26 14:57:31,085 INFO o.a.j.t.JMeterThread: Thread is done: Thread Group HB Citizen API 3-1
2020-11-26 14:57:31,085 INFO o.a.j.t.JMeterThread: Thread finished: Thread Group HB Citizen API 3-1
2020-11-26 14:57:31,085 INFO o.a.j.e.StandardJMeterEngine: Notifying test listeners of end of test
2020-11-26 14:57:31,085 INFO o.a.j.g.u.JMeterMenuBar: setRunning(false, *local*)
2020-11-26 14:57:51,215 INFO o.a.j.e.StandardJMeterEngine: Running the test!
2020-11-26 14:57:51,215 INFO o.a.j.s.SampleEvent: List of sample_variables: []
2020-11-26 14:57:51,216 INFO o.a.j.g.u.JMeterMenuBar: setRunning(true, *local*)
2020-11-26 14:57:51,252 INFO o.a.j.e.StandardJMeterEngine: Starting ThreadGroup: 1 : Thread Group HB Award Period API
2020-11-26 14:57:51,252 INFO o.a.j.e.StandardJMeterEngine: Starting 1 threads for group Thread Group HB Award Period API.
2020-11-26 14:57:51,252 INFO o.a.j.e.StandardJMeterEngine: Thread will continue on error
2020-11-26 14:57:51,252 INFO o.a.j.t.ThreadGroup: Starting thread group... number=1 threads=1 ramp-up=1 delayedStart=false
2020-11-26 14:57:51,253 INFO o.a.j.t.ThreadGroup: Started thread group number 1
2020-11-26 14:57:51,253 INFO o.a.j.e.StandardJMeterEngine: Starting ThreadGroup: 2 : Thread Group HB Winning Transactions API
2020-11-26 14:57:51,253 INFO o.a.j.e.StandardJMeterEngine: Starting 1 threads for group Thread Group HB Winning Transactions API.
2020-11-26 14:57:51,253 INFO o.a.j.e.StandardJMeterEngine: Thread will continue on error
2020-11-26 14:57:51,253 INFO o.a.j.t.JMeterThread: Thread started: Thread Group HB Award Period API 1-1
2020-11-26 14:57:51,253 INFO o.a.j.t.ThreadGroup: Starting thread group... number=2 threads=1 ramp-up=1 delayedStart=false
2020-11-26 14:57:51,254 INFO o.a.j.t.ThreadGroup: Started thread group number 2
2020-11-26 14:57:51,254 INFO o.a.j.e.StandardJMeterEngine: Starting ThreadGroup: 3 : Thread Group HB Citizen API
2020-11-26 14:57:51,254 INFO o.a.j.e.StandardJMeterEngine: Starting 1 threads for group Thread Group HB Citizen API.
2020-11-26 14:57:51,254 INFO o.a.j.e.StandardJMeterEngine: Thread will continue on error
2020-11-26 14:57:51,254 INFO o.a.j.t.JMeterThread: Thread started: Thread Group HB Winning Transactions API 2-1
2020-11-26 14:57:51,254 INFO o.a.j.t.ThreadGroup: Starting thread group... number=3 threads=1 ramp-up=1 delayedStart=false
2020-11-26 14:57:51,255 INFO o.a.j.t.ThreadGroup: Started thread group number 3
2020-11-26 14:57:51,255 INFO o.a.j.e.StandardJMeterEngine: Starting ThreadGroup: 4 : Thread Group HB Payment Instruments API
2020-11-26 14:57:51,255 INFO o.a.j.t.JMeterThread: Thread started: Thread Group HB Citizen API 3-1
2020-11-26 14:57:51,255 INFO o.a.j.e.StandardJMeterEngine: Starting 1 threads for group Thread Group HB Payment Instruments API.
2020-11-26 14:57:51,255 INFO o.a.j.e.StandardJMeterEngine: Thread will continue on error
2020-11-26 14:57:51,256 INFO o.a.j.t.ThreadGroup: Starting thread group... number=4 threads=1 ramp-up=1 delayedStart=false
2020-11-26 14:57:51,257 INFO o.a.j.t.ThreadGroup: Started thread group number 4
2020-11-26 14:57:51,257 INFO o.a.j.e.StandardJMeterEngine: All thread groups have been started
2020-11-26 14:57:51,257 INFO o.a.j.t.JMeterThread: Thread started: Thread Group HB Payment Instruments API 4-1
2020-11-26 14:57:51,476 INFO o.a.j.t.JMeterThread: Thread is done: Thread Group HB Winning Transactions API 2-1
2020-11-26 14:57:51,476 INFO o.a.j.t.JMeterThread: Thread finished: Thread Group HB Winning Transactions API 2-1
2020-11-26 14:57:51,574 INFO o.a.j.t.JMeterThread: Thread is done: Thread Group HB Award Period API 1-1
2020-11-26 14:57:51,574 INFO o.a.j.t.JMeterThread: Thread finished: Thread Group HB Award Period API 1-1
2020-11-26 14:57:51,576 INFO o.a.j.t.JMeterThread: Thread is done: Thread Group HB Payment Instruments API 4-1
2020-11-26 14:57:51,576 INFO o.a.j.t.JMeterThread: Thread finished: Thread Group HB Payment Instruments API 4-1
2020-11-26 14:57:51,726 INFO o.a.j.t.JMeterThread: Thread is done: Thread Group HB Citizen API 3-1
2020-11-26 14:57:51,726 INFO o.a.j.t.JMeterThread: Thread finished: Thread Group HB Citizen API 3-1
2020-11-26 14:57:51,726 INFO o.a.j.e.StandardJMeterEngine: Notifying test listeners of end of test
2020-11-26 14:57:51,727 INFO o.a.j.g.u.JMeterMenuBar: setRunning(false, *local*)
2020-11-26 14:58:03,598 INFO o.a.j.e.StandardJMeterEngine: Running the test!
2020-11-26 14:58:03,599 INFO o.a.j.s.SampleEvent: List of sample_variables: []
2020-11-26 14:58:03,599 INFO o.a.j.g.u.JMeterMenuBar: setRunning(true, *local*)
2020-11-26 14:58:03,635 INFO o.a.j.e.StandardJMeterEngine: Starting ThreadGroup: 1 : Thread Group HB Award Period API
2020-11-26 14:58:03,635 INFO o.a.j.e.StandardJMeterEngine: Starting 1 threads for group Thread Group HB Award Period API.
2020-11-26 14:58:03,635 INFO o.a.j.e.StandardJMeterEngine: Thread will continue on error
2020-11-26 14:58:03,635 INFO o.a.j.t.ThreadGroup: Starting thread group... number=1 threads=1 ramp-up=1 delayedStart=false
2020-11-26 14:58:03,635 INFO o.a.j.t.ThreadGroup: Started thread group number 1
2020-11-26 14:58:03,636 INFO o.a.j.e.StandardJMeterEngine: Starting ThreadGroup: 2 : Thread Group HB Winning Transactions API
2020-11-26 14:58:03,636 INFO o.a.j.e.StandardJMeterEngine: Starting 1 threads for group Thread Group HB Winning Transactions API.
2020-11-26 14:58:03,636 INFO o.a.j.t.JMeterThread: Thread started: Thread Group HB Award Period API 1-1
2020-11-26 14:58:03,636 INFO o.a.j.e.StandardJMeterEngine: Thread will continue on error
2020-11-26 14:58:03,636 INFO o.a.j.t.ThreadGroup: Starting thread group... number=2 threads=1 ramp-up=1 delayedStart=false
2020-11-26 14:58:03,637 INFO o.a.j.t.ThreadGroup: Started thread group number 2
2020-11-26 14:58:03,637 INFO o.a.j.e.StandardJMeterEngine: Starting ThreadGroup: 3 : Thread Group HB Citizen API
2020-11-26 14:58:03,637 INFO o.a.j.e.StandardJMeterEngine: Starting 1 threads for group Thread Group HB Citizen API.
2020-11-26 14:58:03,637 INFO o.a.j.t.JMeterThread: Thread started: Thread Group HB Winning Transactions API 2-1
2020-11-26 14:58:03,637 INFO o.a.j.e.StandardJMeterEngine: Thread will continue on error
2020-11-26 14:58:03,637 INFO o.a.j.t.ThreadGroup: Starting thread group... number=3 threads=1 ramp-up=1 delayedStart=false
2020-11-26 14:58:03,638 INFO o.a.j.t.ThreadGroup: Started thread group number 3
2020-11-26 14:58:03,638 INFO o.a.j.e.StandardJMeterEngine: Starting ThreadGroup: 4 : Thread Group HB Payment Instruments API
2020-11-26 14:58:03,638 INFO o.a.j.e.StandardJMeterEngine: Starting 1 threads for group Thread Group HB Payment Instruments API.
2020-11-26 14:58:03,638 INFO o.a.j.e.StandardJMeterEngine: Thread will continue on error
2020-11-26 14:58:03,638 INFO o.a.j.t.JMeterThread: Thread started: Thread Group HB Citizen API 3-1
2020-11-26 14:58:03,638 INFO o.a.j.t.ThreadGroup: Starting thread group... number=4 threads=1 ramp-up=1 delayedStart=false
2020-11-26 14:58:03,639 INFO o.a.j.t.ThreadGroup: Started thread group number 4
2020-11-26 14:58:03,640 INFO o.a.j.e.StandardJMeterEngine: All thread groups have been started
2020-11-26 14:58:03,640 INFO o.a.j.t.JMeterThread: Thread started: Thread Group HB Payment Instruments API 4-1
2020-11-26 14:58:03,837 INFO o.a.j.t.JMeterThread: Thread is done: Thread Group HB Winning Transactions API 2-1
2020-11-26 14:58:03,837 INFO o.a.j.t.JMeterThread: Thread finished: Thread Group HB Winning Transactions API 2-1
2020-11-26 14:58:03,938 INFO o.a.j.t.JMeterThread: Thread is done: Thread Group HB Award Period API 1-1
2020-11-26 14:58:03,938 INFO o.a.j.t.JMeterThread: Thread finished: Thread Group HB Award Period API 1-1
2020-11-26 14:58:03,972 INFO o.a.j.t.JMeterThread: Thread is done: Thread Group HB Payment Instruments API 4-1
2020-11-26 14:58:03,972 INFO o.a.j.t.JMeterThread: Thread finished: Thread Group HB Payment Instruments API 4-1
2020-11-26 14:58:04,080 INFO o.a.j.t.JMeterThread: Thread is done: Thread Group HB Citizen API 3-1
2020-11-26 14:58:04,080 INFO o.a.j.t.JMeterThread: Thread finished: Thread Group HB Citizen API 3-1
2020-11-26 14:58:04,081 INFO o.a.j.e.StandardJMeterEngine: Notifying test listeners of end of test
2020-11-26 14:58:04,081 INFO o.a.j.g.u.JMeterMenuBar: setRunning(false, *local*)
2020-11-26 14:58:09,371 INFO o.a.j.e.StandardJMeterEngine: Running the test!
2020-11-26 14:58:09,371 INFO o.a.j.s.SampleEvent: List of sample_variables: []
2020-11-26 14:58:09,372 INFO o.a.j.g.u.JMeterMenuBar: setRunning(true, *local*)
2020-11-26 14:58:09,414 INFO o.a.j.e.StandardJMeterEngine: Starting ThreadGroup: 1 : Thread Group HB Award Period API
2020-11-26 14:58:09,415 INFO o.a.j.e.StandardJMeterEngine: Starting 1 threads for group Thread Group HB Award Period API.
2020-11-26 14:58:09,415 INFO o.a.j.e.StandardJMeterEngine: Thread will continue on error
2020-11-26 14:58:09,415 INFO o.a.j.t.ThreadGroup: Starting thread group... number=1 threads=1 ramp-up=1 delayedStart=false
2020-11-26 14:58:09,416 INFO o.a.j.t.ThreadGroup: Started thread group number 1
2020-11-26 14:58:09,416 INFO o.a.j.e.StandardJMeterEngine: Starting ThreadGroup: 2 : Thread Group HB Winning Transactions API
2020-11-26 14:58:09,416 INFO o.a.j.e.StandardJMeterEngine: Starting 1 threads for group Thread Group HB Winning Transactions API.
2020-11-26 14:58:09,416 INFO o.a.j.e.StandardJMeterEngine: Thread will continue on error
2020-11-26 14:58:09,416 INFO o.a.j.t.JMeterThread: Thread started: Thread Group HB Award Period API 1-1
2020-11-26 14:58:09,416 INFO o.a.j.t.ThreadGroup: Starting thread group... number=2 threads=1 ramp-up=1 delayedStart=false
2020-11-26 14:58:09,417 INFO o.a.j.t.ThreadGroup: Started thread group number 2
2020-11-26 14:58:09,418 INFO o.a.j.e.StandardJMeterEngine: Starting ThreadGroup: 3 : Thread Group HB Citizen API
2020-11-26 14:58:09,418 INFO o.a.j.e.StandardJMeterEngine: Starting 1 threads for group Thread Group HB Citizen API.
2020-11-26 14:58:09,418 INFO o.a.j.e.StandardJMeterEngine: Thread will continue on error
2020-11-26 14:58:09,418 INFO o.a.j.t.JMeterThread: Thread started: Thread Group HB Winning Transactions API 2-1
2020-11-26 14:58:09,418 INFO o.a.j.t.ThreadGroup: Starting thread group... number=3 threads=1 ramp-up=1 delayedStart=false
2020-11-26 14:58:09,419 INFO o.a.j.t.ThreadGroup: Started thread group number 3
2020-11-26 14:58:09,420 INFO o.a.j.e.StandardJMeterEngine: Starting ThreadGroup: 4 : Thread Group HB Payment Instruments API
2020-11-26 14:58:09,420 INFO o.a.j.e.StandardJMeterEngine: Starting 1 threads for group Thread Group HB Payment Instruments API.
2020-11-26 14:58:09,420 INFO o.a.j.e.StandardJMeterEngine: Thread will continue on error
2020-11-26 14:58:09,420 INFO o.a.j.t.JMeterThread: Thread started: Thread Group HB Citizen API 3-1
2020-11-26 14:58:09,420 INFO o.a.j.t.ThreadGroup: Starting thread group... number=4 threads=1 ramp-up=1 delayedStart=false
2020-11-26 14:58:09,420 INFO o.a.j.t.ThreadGroup: Started thread group number 4
2020-11-26 14:58:09,421 INFO o.a.j.e.StandardJMeterEngine: All thread groups have been started
2020-11-26 14:58:09,421 INFO o.a.j.t.JMeterThread: Thread started: Thread Group HB Payment Instruments API 4-1
2020-11-26 14:58:09,623 INFO o.a.j.t.JMeterThread: Thread is done: Thread Group HB Winning Transactions API 2-1
2020-11-26 14:58:09,623 INFO o.a.j.t.JMeterThread: Thread finished: Thread Group HB Winning Transactions API 2-1
2020-11-26 14:58:09,721 INFO o.a.j.t.JMeterThread: Thread is done: Thread Group HB Award Period API 1-1
2020-11-26 14:58:09,721 INFO o.a.j.t.JMeterThread: Thread finished: Thread Group HB Award Period API 1-1
2020-11-26 14:58:09,736 INFO o.a.j.t.JMeterThread: Thread is done: Thread Group HB Payment Instruments API 4-1
2020-11-26 14:58:09,736 INFO o.a.j.t.JMeterThread: Thread finished: Thread Group HB Payment Instruments API 4-1
2020-11-26 14:58:09,900 INFO o.a.j.t.JMeterThread: Thread is done: Thread Group HB Citizen API 3-1
2020-11-26 14:58:09,900 INFO o.a.j.t.JMeterThread: Thread finished: Thread Group HB Citizen API 3-1
2020-11-26 14:58:09,900 INFO o.a.j.e.StandardJMeterEngine: Notifying test listeners of end of test
2020-11-26 14:58:09,901 INFO o.a.j.g.u.JMeterMenuBar: setRunning(false, *local*)
2020-11-26 14:58:35,017 INFO o.a.j.e.StandardJMeterEngine: Running the test!
2020-11-26 14:58:35,018 INFO o.a.j.s.SampleEvent: List of sample_variables: []
2020-11-26 14:58:35,019 INFO o.a.j.g.u.JMeterMenuBar: setRunning(true, *local*)
2020-11-26 14:58:35,056 INFO o.a.j.e.StandardJMeterEngine: Starting ThreadGroup: 1 : Thread Group HB Award Period API
2020-11-26 14:58:35,056 INFO o.a.j.e.StandardJMeterEngine: Starting 1 threads for group Thread Group HB Award Period API.
2020-11-26 14:58:35,056 INFO o.a.j.e.StandardJMeterEngine: Thread will continue on error
2020-11-26 14:58:35,056 INFO o.a.j.t.ThreadGroup: Starting thread group... number=1 threads=1 ramp-up=1 delayedStart=false
2020-11-26 14:58:35,057 INFO o.a.j.t.ThreadGroup: Started thread group number 1
2020-11-26 14:58:35,057 INFO o.a.j.e.StandardJMeterEngine: Starting ThreadGroup: 2 : Thread Group HB Winning Transactions API
2020-11-26 14:58:35,057 INFO o.a.j.e.StandardJMeterEngine: Starting 1 threads for group Thread Group HB Winning Transactions API.
2020-11-26 14:58:35,057 INFO o.a.j.e.StandardJMeterEngine: Thread will continue on error
2020-11-26 14:58:35,057 INFO o.a.j.t.JMeterThread: Thread started: Thread Group HB Award Period API 1-1
2020-11-26 14:58:35,057 INFO o.a.j.t.ThreadGroup: Starting thread group... number=2 threads=1 ramp-up=1 delayedStart=false
2020-11-26 14:58:35,058 INFO o.a.j.t.ThreadGroup: Started thread group number 2
2020-11-26 14:58:35,058 INFO o.a.j.e.StandardJMeterEngine: Starting ThreadGroup: 3 : Thread Group HB Citizen API
2020-11-26 14:58:35,058 INFO o.a.j.e.StandardJMeterEngine: Starting 1 threads for group Thread Group HB Citizen API.
2020-11-26 14:58:35,058 INFO o.a.j.t.JMeterThread: Thread started: Thread Group HB Winning Transactions API 2-1
2020-11-26 14:58:35,058 INFO o.a.j.e.StandardJMeterEngine: Thread will continue on error
2020-11-26 14:58:35,058 INFO o.a.j.t.ThreadGroup: Starting thread group... number=3 threads=1 ramp-up=1 delayedStart=false
2020-11-26 14:58:35,059 INFO o.a.j.t.ThreadGroup: Started thread group number 3
2020-11-26 14:58:35,059 INFO o.a.j.e.StandardJMeterEngine: Starting ThreadGroup: 4 : Thread Group HB Payment Instruments API
2020-11-26 14:58:35,059 INFO o.a.j.e.StandardJMeterEngine: Starting 1 threads for group Thread Group HB Payment Instruments API.
2020-11-26 14:58:35,059 INFO o.a.j.e.StandardJMeterEngine: Thread will continue on error
2020-11-26 14:58:35,059 INFO o.a.j.t.ThreadGroup: Starting thread group... number=4 threads=1 ramp-up=1 delayedStart=false
2020-11-26 14:58:35,059 INFO o.a.j.t.JMeterThread: Thread started: Thread Group HB Citizen API 3-1
2020-11-26 14:58:35,060 INFO o.a.j.t.ThreadGroup: Started thread group number 4
2020-11-26 14:58:35,060 INFO o.a.j.e.StandardJMeterEngine: All thread groups have been started
2020-11-26 14:58:35,060 INFO o.a.j.t.JMeterThread: Thread started: Thread Group HB Payment Instruments API 4-1
2020-11-26 14:58:35,276 INFO o.a.j.t.JMeterThread: Thread is done: Thread Group HB Winning Transactions API 2-1
2020-11-26 14:58:35,276 INFO o.a.j.t.JMeterThread: Thread finished: Thread Group HB Winning Transactions API 2-1
2020-11-26 14:58:35,374 INFO o.a.j.t.JMeterThread: Thread is done: Thread Group HB Award Period API 1-1
2020-11-26 14:58:35,374 INFO o.a.j.t.JMeterThread: Thread finished: Thread Group HB Award Period API 1-1
2020-11-26 14:58:35,375 INFO o.a.j.t.JMeterThread: Thread is done: Thread Group HB Payment Instruments API 4-1
2020-11-26 14:58:35,375 INFO o.a.j.t.JMeterThread: Thread finished: Thread Group HB Payment Instruments API 4-1
2020-11-26 14:58:35,506 INFO o.a.j.t.JMeterThread: Thread is done: Thread Group HB Citizen API 3-1
2020-11-26 14:58:35,506 INFO o.a.j.t.JMeterThread: Thread finished: Thread Group HB Citizen API 3-1
2020-11-26 14:58:35,507 INFO o.a.j.e.StandardJMeterEngine: Notifying test listeners of end of test
2020-11-26 14:58:35,508 INFO o.a.j.g.u.JMeterMenuBar: setRunning(false, *local*)
2020-11-26 14:59:16,341 INFO o.a.j.e.StandardJMeterEngine: Running the test!
2020-11-26 14:59:16,343 INFO o.a.j.s.SampleEvent: List of sample_variables: []
2020-11-26 14:59:16,344 INFO o.a.j.g.u.JMeterMenuBar: setRunning(true, *local*)
2020-11-26 14:59:16,385 INFO o.a.j.e.StandardJMeterEngine: Starting ThreadGroup: 1 : Thread Group HB Award Period API
2020-11-26 14:59:16,385 INFO o.a.j.e.StandardJMeterEngine: Starting 1 threads for group Thread Group HB Award Period API.
2020-11-26 14:59:16,385 INFO o.a.j.e.StandardJMeterEngine: Thread will continue on error
2020-11-26 14:59:16,385 INFO o.a.j.t.ThreadGroup: Starting thread group... number=1 threads=1 ramp-up=1 delayedStart=false
2020-11-26 14:59:16,385 INFO o.a.j.t.ThreadGroup: Started thread group number 1
2020-11-26 14:59:16,385 INFO o.a.j.e.StandardJMeterEngine: Starting ThreadGroup: 2 : Thread Group HB Winning Transactions API
2020-11-26 14:59:16,385 INFO o.a.j.e.StandardJMeterEngine: Starting 1 threads for group Thread Group HB Winning Transactions API.
2020-11-26 14:59:16,385 INFO o.a.j.e.StandardJMeterEngine: Thread will continue on error
2020-11-26 14:59:16,385 INFO o.a.j.t.ThreadGroup: Starting thread group... number=2 threads=1 ramp-up=1 delayedStart=false
2020-11-26 14:59:16,385 INFO o.a.j.t.JMeterThread: Thread started: Thread Group HB Award Period API 1-1
2020-11-26 14:59:16,386 INFO o.a.j.t.ThreadGroup: Started thread group number 2
2020-11-26 14:59:16,386 INFO o.a.j.e.StandardJMeterEngine: Starting ThreadGroup: 3 : Thread Group HB Citizen API
2020-11-26 14:59:16,386 INFO o.a.j.e.StandardJMeterEngine: Starting 1 threads for group Thread Group HB Citizen API.
2020-11-26 14:59:16,386 INFO o.a.j.e.StandardJMeterEngine: Thread will continue on error
2020-11-26 14:59:16,386 INFO o.a.j.t.ThreadGroup: Starting thread group... number=3 threads=1 ramp-up=1 delayedStart=false
2020-11-26 14:59:16,386 INFO o.a.j.t.JMeterThread: Thread started: Thread Group HB Winning Transactions API 2-1
2020-11-26 14:59:16,386 INFO o.a.j.t.ThreadGroup: Started thread group number 3
2020-11-26 14:59:16,386 INFO o.a.j.e.StandardJMeterEngine: Starting ThreadGroup: 4 : Thread Group HB Payment Instruments API
2020-11-26 14:59:16,386 INFO o.a.j.e.StandardJMeterEngine: Starting 1 threads for group Thread Group HB Payment Instruments API.
2020-11-26 14:59:16,386 INFO o.a.j.e.StandardJMeterEngine: Thread will continue on error
2020-11-26 14:59:16,386 INFO o.a.j.t.ThreadGroup: Starting thread group... number=4 threads=1 ramp-up=1 delayedStart=false
2020-11-26 14:59:16,386 INFO o.a.j.t.JMeterThread: Thread started: Thread Group HB Citizen API 3-1
2020-11-26 14:59:16,387 INFO o.a.j.t.ThreadGroup: Started thread group number 4
2020-11-26 14:59:16,387 INFO o.a.j.e.StandardJMeterEngine: All thread groups have been started
2020-11-26 14:59:16,387 INFO o.a.j.t.JMeterThread: Thread started: Thread Group HB Payment Instruments API 4-1
2020-11-26 14:59:16,590 INFO o.a.j.t.JMeterThread: Thread is done: Thread Group HB Winning Transactions API 2-1
2020-11-26 14:59:16,590 INFO o.a.j.t.JMeterThread: Thread finished: Thread Group HB Winning Transactions API 2-1
2020-11-26 14:59:16,680 INFO o.a.j.t.JMeterThread: Thread is done: Thread Group HB Award Period API 1-1
2020-11-26 14:59:16,680 INFO o.a.j.t.JMeterThread: Thread finished: Thread Group HB Award Period API 1-1
2020-11-26 14:59:16,684 INFO o.a.j.t.JMeterThread: Thread is done: Thread Group HB Payment Instruments API 4-1
2020-11-26 14:59:16,684 INFO o.a.j.t.JMeterThread: Thread finished: Thread Group HB Payment Instruments API 4-1
2020-11-26 14:59:16,924 INFO o.a.j.t.JMeterThread: Thread is done: Thread Group HB Citizen API 3-1
2020-11-26 14:59:16,924 INFO o.a.j.t.JMeterThread: Thread finished: Thread Group HB Citizen API 3-1
2020-11-26 14:59:16,924 INFO o.a.j.e.StandardJMeterEngine: Notifying test listeners of end of test
2020-11-26 14:59:16,924 INFO o.a.j.g.u.JMeterMenuBar: setRunning(false, *local*)
2020-11-26 14:59:42,121 INFO o.a.j.e.StandardJMeterEngine: Running the test!
2020-11-26 14:59:42,121 INFO o.a.j.s.SampleEvent: List of sample_variables: []
2020-11-26 14:59:42,122 INFO o.a.j.g.u.JMeterMenuBar: setRunning(true, *local*)
2020-11-26 14:59:42,153 INFO o.a.j.e.StandardJMeterEngine: Starting ThreadGroup: 1 : Thread Group HB Award Period API
2020-11-26 14:59:42,153 INFO o.a.j.e.StandardJMeterEngine: Starting 1 threads for group Thread Group HB Award Period API.
2020-11-26 14:59:42,153 INFO o.a.j.e.StandardJMeterEngine: Thread will continue on error
2020-11-26 14:59:42,153 INFO o.a.j.t.ThreadGroup: Starting thread group... number=1 threads=1 ramp-up=1 delayedStart=false
2020-11-26 14:59:42,153 INFO o.a.j.t.ThreadGroup: Started thread group number 1
2020-11-26 14:59:42,153 INFO o.a.j.e.StandardJMeterEngine: Starting ThreadGroup: 2 : Thread Group HB Winning Transactions API
2020-11-26 14:59:42,153 INFO o.a.j.e.StandardJMeterEngine: Starting 1 threads for group Thread Group HB Winning Transactions API.
2020-11-26 14:59:42,153 INFO o.a.j.e.StandardJMeterEngine: Thread will continue on error
2020-11-26 14:59:42,154 INFO o.a.j.t.ThreadGroup: Starting thread group... number=2 threads=1 ramp-up=1 delayedStart=false
2020-11-26 14:59:42,153 INFO o.a.j.t.JMeterThread: Thread started: Thread Group HB Award Period API 1-1
2020-11-26 14:59:42,154 INFO o.a.j.t.ThreadGroup: Started thread group number 2
2020-11-26 14:59:42,154 INFO o.a.j.e.StandardJMeterEngine: Starting ThreadGroup: 3 : Thread Group HB Citizen API
2020-11-26 14:59:42,154 INFO o.a.j.e.StandardJMeterEngine: Starting 1 threads for group Thread Group HB Citizen API.
2020-11-26 14:59:42,154 INFO o.a.j.e.StandardJMeterEngine: Thread will continue on error
2020-11-26 14:59:42,154 INFO o.a.j.t.ThreadGroup: Starting thread group... number=3 threads=1 ramp-up=1 delayedStart=false
2020-11-26 14:59:42,154 INFO o.a.j.t.JMeterThread: Thread started: Thread Group HB Winning Transactions API 2-1
2020-11-26 14:59:42,155 INFO o.a.j.t.ThreadGroup: Started thread group number 3
2020-11-26 14:59:42,155 INFO o.a.j.e.StandardJMeterEngine: Starting ThreadGroup: 4 : Thread Group HB Payment Instruments API
2020-11-26 14:59:42,155 INFO o.a.j.e.StandardJMeterEngine: Starting 1 threads for group Thread Group HB Payment Instruments API.
2020-11-26 14:59:42,155 INFO o.a.j.e.StandardJMeterEngine: Thread will continue on error
2020-11-26 14:59:42,155 INFO o.a.j.t.JMeterThread: Thread started: Thread Group HB Citizen API 3-1
2020-11-26 14:59:42,155 INFO o.a.j.t.ThreadGroup: Starting thread group... number=4 threads=1 ramp-up=1 delayedStart=false
2020-11-26 14:59:42,156 INFO o.a.j.t.ThreadGroup: Started thread group number 4
2020-11-26 14:59:42,156 INFO o.a.j.e.StandardJMeterEngine: All thread groups have been started
2020-11-26 14:59:42,157 INFO o.a.j.t.JMeterThread: Thread started: Thread Group HB Payment Instruments API 4-1
2020-11-26 14:59:42,347 INFO o.a.j.t.JMeterThread: Thread is done: Thread Group HB Winning Transactions API 2-1
2020-11-26 14:59:42,347 INFO o.a.j.t.JMeterThread: Thread finished: Thread Group HB Winning Transactions API 2-1
2020-11-26 14:59:42,447 INFO o.a.j.t.JMeterThread: Thread is done: Thread Group HB Award Period API 1-1
2020-11-26 14:59:42,447 INFO o.a.j.t.JMeterThread: Thread finished: Thread Group HB Award Period API 1-1
2020-11-26 14:59:42,456 INFO o.a.j.t.JMeterThread: Thread is done: Thread Group HB Payment Instruments API 4-1
2020-11-26 14:59:42,456 INFO o.a.j.t.JMeterThread: Thread finished: Thread Group HB Payment Instruments API 4-1
2020-11-26 14:59:42,588 INFO o.a.j.t.JMeterThread: Thread is done: Thread Group HB Citizen API 3-1
2020-11-26 14:59:42,588 INFO o.a.j.t.JMeterThread: Thread finished: Thread Group HB Citizen API 3-1
2020-11-26 14:59:42,589 INFO o.a.j.e.StandardJMeterEngine: Notifying test listeners of end of test
2020-11-26 14:59:42,589 INFO o.a.j.g.u.JMeterMenuBar: setRunning(false, *local*)
2020-11-26 15:00:29,334 INFO o.a.j.e.StandardJMeterEngine: Running the test!
2020-11-26 15:00:29,334 INFO o.a.j.s.SampleEvent: List of sample_variables: []
2020-11-26 15:00:29,335 INFO o.a.j.g.u.JMeterMenuBar: setRunning(true, *local*)
2020-11-26 15:00:29,365 INFO o.a.j.e.StandardJMeterEngine: Starting ThreadGroup: 1 : Thread Group HB Award Period API
2020-11-26 15:00:29,366 INFO o.a.j.e.StandardJMeterEngine: Starting 1 threads for group Thread Group HB Award Period API.
2020-11-26 15:00:29,366 INFO o.a.j.e.StandardJMeterEngine: Thread will continue on error
2020-11-26 15:00:29,366 INFO o.a.j.t.ThreadGroup: Starting thread group... number=1 threads=1 ramp-up=1 delayedStart=false
2020-11-26 15:00:29,366 INFO o.a.j.t.ThreadGroup: Started thread group number 1
2020-11-26 15:00:29,366 INFO o.a.j.e.StandardJMeterEngine: Starting ThreadGroup: 2 : Thread Group HB Winning Transactions API
2020-11-26 15:00:29,366 INFO o.a.j.e.StandardJMeterEngine: Starting 1 threads for group Thread Group HB Winning Transactions API.
2020-11-26 15:00:29,367 INFO o.a.j.e.StandardJMeterEngine: Thread will continue on error
2020-11-26 15:00:29,366 INFO o.a.j.t.JMeterThread: Thread started: Thread Group HB Award Period API 1-1
2020-11-26 15:00:29,367 INFO o.a.j.t.ThreadGroup: Starting thread group... number=2 threads=1 ramp-up=1 delayedStart=false
2020-11-26 15:00:29,367 INFO o.a.j.t.ThreadGroup: Started thread group number 2
2020-11-26 15:00:29,367 INFO o.a.j.t.JMeterThread: Thread started: Thread Group HB Winning Transactions API 2-1
2020-11-26 15:00:29,368 INFO o.a.j.e.StandardJMeterEngine: Starting ThreadGroup: 3 : Thread Group HB Citizen API
2020-11-26 15:00:29,368 INFO o.a.j.e.StandardJMeterEngine: Starting 1 threads for group Thread Group HB Citizen API.
2020-11-26 15:00:29,368 INFO o.a.j.e.StandardJMeterEngine: Thread will continue on error
2020-11-26 15:00:29,368 INFO o.a.j.t.ThreadGroup: Starting thread group... number=3 threads=1 ramp-up=1 delayedStart=false
2020-11-26 15:00:29,369 INFO o.a.j.t.ThreadGroup: Started thread group number 3
2020-11-26 15:00:29,369 INFO o.a.j.e.StandardJMeterEngine: Starting ThreadGroup: 4 : Thread Group HB Payment Instruments API
2020-11-26 15:00:29,369 INFO o.a.j.e.StandardJMeterEngine: Starting 1 threads for group Thread Group HB Payment Instruments API.
2020-11-26 15:00:29,369 INFO o.a.j.e.StandardJMeterEngine: Thread will continue on error
2020-11-26 15:00:29,369 INFO o.a.j.t.ThreadGroup: Starting thread group... number=4 threads=1 ramp-up=1 delayedStart=false
2020-11-26 15:00:29,369 INFO o.a.j.t.JMeterThread: Thread started: Thread Group HB Citizen API 3-1
2020-11-26 15:00:29,370 INFO o.a.j.t.ThreadGroup: Started thread group number 4
2020-11-26 15:00:29,370 INFO o.a.j.e.StandardJMeterEngine: All thread groups have been started
2020-11-26 15:00:29,370 INFO o.a.j.t.JMeterThread: Thread started: Thread Group HB Payment Instruments API 4-1
2020-11-26 15:00:29,575 INFO o.a.j.t.JMeterThread: Thread is done: Thread Group HB Winning Transactions API 2-1
2020-11-26 15:00:29,575 INFO o.a.j.t.JMeterThread: Thread finished: Thread Group HB Winning Transactions API 2-1
2020-11-26 15:00:29,661 INFO o.a.j.t.JMeterThread: Thread is done: Thread Group HB Award Period API 1-1
2020-11-26 15:00:29,661 INFO o.a.j.t.JMeterThread: Thread finished: Thread Group HB Award Period API 1-1
2020-11-26 15:00:29,674 INFO o.a.j.t.JMeterThread: Thread is done: Thread Group HB Payment Instruments API 4-1
2020-11-26 15:00:29,675 INFO o.a.j.t.JMeterThread: Thread finished: Thread Group HB Payment Instruments API 4-1
2020-11-26 15:00:29,827 INFO o.a.j.t.JMeterThread: Thread is done: Thread Group HB Citizen API 3-1
2020-11-26 15:00:29,827 INFO o.a.j.t.JMeterThread: Thread finished: Thread Group HB Citizen API 3-1
2020-11-26 15:00:29,828 INFO o.a.j.e.StandardJMeterEngine: Notifying test listeners of end of test
2020-11-26 15:00:29,828 INFO o.a.j.g.u.JMeterMenuBar: setRunning(false, *local*)
2020-11-26 16:15:01,856 INFO o.a.j.e.StandardJMeterEngine: Running the test!
2020-11-26 16:15:01,932 INFO o.a.j.s.SampleEvent: List of sample_variables: []
2020-11-26 16:15:01,959 INFO o.a.j.g.u.JMeterMenuBar: setRunning(true, *local*)
2020-11-26 16:15:02,350 INFO o.a.j.e.StandardJMeterEngine: Starting ThreadGroup: 1 : Thread Group HB Award Period API
2020-11-26 16:15:02,351 INFO o.a.j.e.StandardJMeterEngine: Starting 1 threads for group Thread Group HB Award Period API.
2020-11-26 16:15:02,352 INFO o.a.j.e.StandardJMeterEngine: Thread will continue on error
2020-11-26 16:15:02,352 INFO o.a.j.t.ThreadGroup: Starting thread group... number=1 threads=1 ramp-up=1 delayedStart=false
2020-11-26 16:15:02,354 INFO o.a.j.t.ThreadGroup: Started thread group number 1
2020-11-26 16:15:02,354 INFO o.a.j.e.StandardJMeterEngine: Starting ThreadGroup: 2 : Thread Group HB Winning Transactions API
2020-11-26 16:15:02,354 INFO o.a.j.e.StandardJMeterEngine: Starting 1 threads for group Thread Group HB Winning Transactions API.
2020-11-26 16:15:02,354 INFO o.a.j.e.StandardJMeterEngine: Thread will continue on error
2020-11-26 16:15:02,354 INFO o.a.j.t.ThreadGroup: Starting thread group... number=2 threads=1 ramp-up=1 delayedStart=false
2020-11-26 16:15:02,355 INFO o.a.j.t.JMeterThread: Thread started: Thread Group HB Award Period API 1-1
2020-11-26 16:15:02,356 INFO o.a.j.t.ThreadGroup: Started thread group number 2
2020-11-26 16:15:02,356 INFO o.a.j.e.StandardJMeterEngine: Starting ThreadGroup: 3 : Thread Group HB Citizen API
2020-11-26 16:15:02,356 INFO o.a.j.e.StandardJMeterEngine: Starting 1 threads for group Thread Group HB Citizen API.
2020-11-26 16:15:02,356 INFO o.a.j.e.StandardJMeterEngine: Thread will continue on error
2020-11-26 16:15:02,356 INFO o.a.j.t.JMeterThread: Thread started: Thread Group HB Winning Transactions API 2-1
2020-11-26 16:15:02,357 INFO o.a.j.t.ThreadGroup: Starting thread group... number=3 threads=1 ramp-up=1 delayedStart=false
2020-11-26 16:15:02,358 INFO o.a.j.t.ThreadGroup: Started thread group number 3
2020-11-26 16:15:02,358 INFO o.a.j.e.StandardJMeterEngine: Starting ThreadGroup: 4 : Thread Group HB Payment Instruments API
2020-11-26 16:15:02,358 INFO o.a.j.e.StandardJMeterEngine: Starting 1 threads for group Thread Group HB Payment Instruments API.
2020-11-26 16:15:02,358 INFO o.a.j.e.StandardJMeterEngine: Thread will continue on error
2020-11-26 16:15:02,358 INFO o.a.j.t.ThreadGroup: Starting thread group... number=4 threads=1 ramp-up=1 delayedStart=false
2020-11-26 16:15:02,358 INFO o.a.j.t.JMeterThread: Thread started: Thread Group HB Citizen API 3-1
2020-11-26 16:15:02,359 INFO o.a.j.t.ThreadGroup: Started thread group number 4
2020-11-26 16:15:02,359 INFO o.a.j.e.StandardJMeterEngine: All thread groups have been started
2020-11-26 16:15:02,359 INFO o.a.j.t.JMeterThread: Thread started: Thread Group HB Payment Instruments API 4-1
2020-11-26 16:15:02,669 INFO o.a.j.t.JMeterThread: Thread is done: Thread Group HB Winning Transactions API 2-1
2020-11-26 16:15:02,669 INFO o.a.j.t.JMeterThread: Thread finished: Thread Group HB Winning Transactions API 2-1
2020-11-26 16:15:02,684 INFO o.a.j.t.JMeterThread: Thread is done: Thread Group HB Payment Instruments API 4-1
2020-11-26 16:15:02,684 INFO o.a.j.t.JMeterThread: Thread finished: Thread Group HB Payment Instruments API 4-1
2020-11-26 16:15:02,708 INFO o.a.j.t.JMeterThread: Thread is done: Thread Group HB Award Period API 1-1
2020-11-26 16:15:02,708 INFO o.a.j.t.JMeterThread: Thread finished: Thread Group HB Award Period API 1-1
2020-11-26 16:15:02,828 INFO o.a.j.t.JMeterThread: Thread is done: Thread Group HB Citizen API 3-1
2020-11-26 16:15:02,828 INFO o.a.j.t.JMeterThread: Thread finished: Thread Group HB Citizen API 3-1
2020-11-26 16:15:02,828 INFO o.a.j.e.StandardJMeterEngine: Notifying test listeners of end of test
2020-11-26 16:15:02,830 INFO o.a.j.g.u.JMeterMenuBar: setRunning(false, *local*)
2020-11-26 16:53:47,718 INFO o.a.j.e.StandardJMeterEngine: Running the test!
2020-11-26 16:53:47,726 INFO o.a.j.s.SampleEvent: List of sample_variables: []
2020-11-26 16:53:47,738 INFO o.a.j.g.u.JMeterMenuBar: setRunning(true, *local*)
2020-11-26 16:53:48,032 INFO o.a.j.e.StandardJMeterEngine: Starting ThreadGroup: 1 : Thread Group HB Award Period API
2020-11-26 16:53:48,032 INFO o.a.j.e.StandardJMeterEngine: Starting 1 threads for group Thread Group HB Award Period API.
2020-11-26 16:53:48,033 INFO o.a.j.e.StandardJMeterEngine: Thread will continue on error
2020-11-26 16:53:48,033 INFO o.a.j.t.ThreadGroup: Starting thread group... number=1 threads=1 ramp-up=1 delayedStart=false
2020-11-26 16:53:48,034 INFO o.a.j.t.ThreadGroup: Started thread group number 1
2020-11-26 16:53:48,034 INFO o.a.j.e.StandardJMeterEngine: Starting ThreadGroup: 2 : Thread Group HB Winning Transactions API
2020-11-26 16:53:48,035 INFO o.a.j.e.StandardJMeterEngine: Starting 1 threads for group Thread Group HB Winning Transactions API.
2020-11-26 16:53:48,035 INFO o.a.j.e.StandardJMeterEngine: Thread will continue on error
2020-11-26 16:53:48,034 INFO o.a.j.t.JMeterThread: Thread started: Thread Group HB Award Period API 1-1
2020-11-26 16:53:48,035 INFO o.a.j.t.ThreadGroup: Starting thread group... number=2 threads=1 ramp-up=1 delayedStart=false
2020-11-26 16:53:48,037 INFO o.a.j.t.ThreadGroup: Started thread group number 2
2020-11-26 16:53:48,038 INFO o.a.j.e.StandardJMeterEngine: Starting ThreadGroup: 3 : Thread Group HB Citizen API
2020-11-26 16:53:48,038 INFO o.a.j.e.StandardJMeterEngine: Starting 1 threads for group Thread Group HB Citizen API.
2020-11-26 16:53:48,038 INFO o.a.j.e.StandardJMeterEngine: Thread will continue on error
2020-11-26 16:53:48,038 INFO o.a.j.t.JMeterThread: Thread started: Thread Group HB Winning Transactions API 2-1
2020-11-26 16:53:48,038 INFO o.a.j.t.ThreadGroup: Starting thread group... number=3 threads=1 ramp-up=1 delayedStart=false
2020-11-26 16:53:48,042 INFO o.a.j.t.ThreadGroup: Started thread group number 3
2020-11-26 16:53:48,042 INFO o.a.j.e.StandardJMeterEngine: Starting ThreadGroup: 4 : Thread Group HB Payment Instruments API
2020-11-26 16:53:48,042 INFO o.a.j.e.StandardJMeterEngine: Starting 1 threads for group Thread Group HB Payment Instruments API.
2020-11-26 16:53:48,042 INFO o.a.j.e.StandardJMeterEngine: Thread will continue on error
2020-11-26 16:53:48,042 INFO o.a.j.t.ThreadGroup: Starting thread group... number=4 threads=1 ramp-up=1 delayedStart=false
2020-11-26 16:53:48,042 INFO o.a.j.t.JMeterThread: Thread started: Thread Group HB Citizen API 3-1
2020-11-26 16:53:48,044 INFO o.a.j.t.ThreadGroup: Started thread group number 4
2020-11-26 16:53:48,044 INFO o.a.j.e.StandardJMeterEngine: All thread groups have been started
2020-11-26 16:53:48,044 INFO o.a.j.t.JMeterThread: Thread started: Thread Group HB Payment Instruments API 4-1
2020-11-26 16:53:48,337 INFO o.a.j.t.JMeterThread: Thread is done: Thread Group HB Winning Transactions API 2-1
2020-11-26 16:53:48,338 INFO o.a.j.t.JMeterThread: Thread finished: Thread Group HB Winning Transactions API 2-1
2020-11-26 16:53:48,437 INFO o.a.j.t.JMeterThread: Thread is done: Thread Group HB Award Period API 1-1
2020-11-26 16:53:48,437 INFO o.a.j.t.JMeterThread: Thread finished: Thread Group HB Award Period API 1-1
2020-11-26 16:53:48,464 INFO o.a.j.t.JMeterThread: Thread is done: Thread Group HB Payment Instruments API 4-1
2020-11-26 16:53:48,464 INFO o.a.j.t.JMeterThread: Thread finished: Thread Group HB Payment Instruments API 4-1
2020-11-26 16:53:48,577 INFO o.a.j.t.JMeterThread: Thread is done: Thread Group HB Citizen API 3-1
2020-11-26 16:53:48,577 INFO o.a.j.t.JMeterThread: Thread finished: Thread Group HB Citizen API 3-1
2020-11-26 16:53:48,577 INFO o.a.j.e.StandardJMeterEngine: Notifying test listeners of end of test
2020-11-26 16:53:48,578 INFO o.a.j.g.u.JMeterMenuBar: setRunning(false, *local*)
